# JRE version: Java(TM) SE Runtime Environment (8.0_40-b27) (build 1.8.0_40-b27)
# Java VM: Java HotSpot(TM) 64-Bit Server VM (25.40-b25 mixed mode bsd-amd64 compressed oops)
Heap:
 PSYoungGen      total 38400K, used 15759K [0x0000000795580000, 0x000000079a080000, 0x00000007c0000000)
  eden space 33280K, 47% used [0x0000000795580000,0x00000007964e3d40,0x0000000797600000)
  from space 5120K, 0% used [0x0000000797600000,0x0000000797600000,0x0000000797b00000)
  to   space 5120K, 0% used [0x0000000799b80000,0x0000000799b80000,0x000000079a080000)
 ParOldGen       total 69120K, used 12528K [0x0000000740000000, 0x0000000744380000, 0x0000000795580000)
  object space 69120K, 18% used [0x0000000740000000,0x0000000740c3c0f8,0x0000000744380000)
 Metaspace       used 24698K, capacity 25562K, committed 25728K, reserved 1071104K
  class space    used 3402K, capacity 3657K, committed 3712K, reserved 1048576K
GC Heap History (8 events):
Event: 2.445 GC heap before
{Heap before GC invocations=1 (full 0):
 PSYoungGen      total 38400K, used 33280K [0x0000000795580000, 0x0000000798000000, 0x00000007c0000000)
  eden space 33280K, 100% used [0x0000000795580000,0x0000000797600000,0x0000000797600000)
  from space 5120K, 0% used [0x0000000797b00000,0x0000000797b00000,0x0000000798000000)
  to   space 5120K, 0% used [0x0000000797600000,0x0000000797600000,0x0000000797b00000)
 ParOldGen       total 87552K, used 0K [0x0000000740000000, 0x0000000745580000, 0x0000000795580000)
  object space 87552K, 0% used [0x0000000740000000,0x0000000740000000,0x0000000745580000)
 Metaspace       used 10654K, capacity 10958K, committed 11136K, reserved 1058816K
  class space    used 1288K, capacity 1384K, committed 1408K, reserved 1048576K
Event: 2.457 GC heap after
Heap after GC invocations=1 (full 0):
 PSYoungGen      total 38400K, used 5103K [0x0000000795580000, 0x0000000798000000, 0x00000007c0000000)
  eden space 33280K, 0% used [0x0000000795580000,0x0000000795580000,0x0000000797600000)
  from space 5120K, 99% used [0x0000000797600000,0x0000000797afbc00,0x0000000797b00000)
  to   space 5120K, 0% used [0x0000000797b00000,0x0000000797b00000,0x0000000798000000)
 ParOldGen       total 87552K, used 809K [0x0000000740000000, 0x0000000745580000, 0x0000000795580000)
  object space 87552K, 0% used [0x0000000740000000,0x00000007400ca7e0,0x0000000745580000)
 Metaspace       used 10654K, capacity 10958K, committed 11136K, reserved 1058816K
  class space    used 1288K, capacity 1384K, committed 1408K, reserved 1048576K
}
Event: 4.085 GC heap before
{Heap before GC invocations=2 (full 0):
 PSYoungGen      total 38400K, used 38207K [0x0000000795580000, 0x0000000798000000, 0x00000007c0000000)
  eden space 33280K, 99% used [0x0000000795580000,0x00000007975d4048,0x0000000797600000)
  from space 5120K, 99% used [0x0000000797600000,0x0000000797afbc00,0x0000000797b00000)
  to   space 5120K, 0% used [0x0000000797b00000,0x0000000797b00000,0x0000000798000000)
 ParOldGen       total 87552K, used 809K [0x0000000740000000, 0x0000000745580000, 0x0000000795580000)
  object space 87552K, 0% used [0x0000000740000000,0x00000007400ca7e0,0x0000000745580000)
 Metaspace       used 18108K, capacity 18740K, committed 18944K, reserved 1064960K
  class space    used 2539K, capacity 2724K, committed 2816K, reserved 1048576K
Event: 4.121 GC heap after
Heap after GC invocations=2 (full 0):
 PSYoungGen      total 38400K, used 5107K [0x0000000795580000, 0x000000079a080000, 0x00000007c0000000)
  eden space 33280K, 0% used [0x0000000795580000,0x0000000795580000,0x0000000797600000)
  from space 5120K, 99% used [0x0000000797b00000,0x0000000797ffcc88,0x0000000798000000)
  to   space 5120K, 0% used [0x0000000797600000,0x0000000797600000,0x0000000797b00000)
 ParOldGen       total 87552K, used 5386K [0x0000000740000000, 0x0000000745580000, 0x0000000795580000)
  object space 87552K, 6% used [0x0000000740000000,0x0000000740542b50,0x0000000745580000)
 Metaspace       used 18108K, capacity 18740K, committed 18944K, reserved 1064960K
  class space    used 2539K, capacity 2724K, committed 2816K, reserved 1048576K
}
Event: 7.864 GC heap before
{Heap before GC invocations=3 (full 0):
 PSYoungGen      total 38400K, used 25478K [0x0000000795580000, 0x000000079a080000, 0x00000007c0000000)
  eden space 33280K, 61% used [0x0000000795580000,0x0000000796964ec0,0x0000000797600000)
  from space 5120K, 99% used [0x0000000797b00000,0x0000000797ffcc88,0x0000000798000000)
  to   space 5120K, 0% used [0x0000000797600000,0x0000000797600000,0x0000000797b00000)
 ParOldGen       total 87552K, used 5386K [0x0000000740000000, 0x0000000745580000, 0x0000000795580000)
  object space 87552K, 6% used [0x0000000740000000,0x0000000740542b50,0x0000000745580000)
 Metaspace       used 20525K, capacity 21240K, committed 21296K, reserved 1067008K
  class space    used 2850K, capacity 3054K, committed 3072K, reserved 1048576K
Event: 7.881 GC heap after
Heap after GC invocations=3 (full 0):
 PSYoungGen      total 38400K, used 5107K [0x0000000795580000, 0x000000079a080000, 0x00000007c0000000)
  eden space 33280K, 0% used [0x0000000795580000,0x0000000795580000,0x0000000797600000)
  from space 5120K, 99% used [0x0000000797600000,0x0000000797afcc68,0x0000000797b00000)
  to   space 5120K, 0% used [0x0000000799b80000,0x0000000799b80000,0x000000079a080000)
 ParOldGen       total 87552K, used 11187K [0x0000000740000000, 0x0000000745580000, 0x0000000795580000)
  object space 87552K, 12% used [0x0000000740000000,0x0000000740aecd88,0x0000000745580000)
 Metaspace       used 20525K, capacity 21240K, committed 21296K, reserved 1067008K
  class space    used 2850K, capacity 3054K, committed 3072K, reserved 1048576K
}
Event: 7.881 GC heap before
{Heap before GC invocations=4 (full 1):
 PSYoungGen      total 38400K, used 5107K [0x0000000795580000, 0x000000079a080000, 0x00000007c0000000)
  eden space 33280K, 0% used [0x0000000795580000,0x0000000795580000,0x0000000797600000)
  from space 5120K, 99% used [0x0000000797600000,0x0000000797afcc68,0x0000000797b00000)
  to   space 5120K, 0% used [0x0000000799b80000,0x0000000799b80000,0x000000079a080000)
 ParOldGen       total 87552K, used 11187K [0x0000000740000000, 0x0000000745580000, 0x0000000795580000)
  object space 87552K, 12% used [0x0000000740000000,0x0000000740aecd88,0x0000000745580000)
 Metaspace       used 20525K, capacity 21240K, committed 21296K, reserved 1067008K
  class space    used 2850K, capacity 3054K, committed 3072K, reserved 1048576K
Event: 7.947 GC heap after
Heap after GC invocations=4 (full 1):
 PSYoungGen      total 38400K, used 0K [0x0000000795580000, 0x000000079a080000, 0x00000007c0000000)
  eden space 33280K, 0% used [0x0000000795580000,0x0000000795580000,0x0000000797600000)
  from space 5120K, 0% used [0x0000000797600000,0x0000000797600000,0x0000000797b00000)
  to   space 5120K, 0% used [0x0000000799b80000,0x0000000799b80000,0x000000079a080000)
 ParOldGen       total 69120K, used 12528K [0x0000000740000000, 0x0000000744380000, 0x0000000795580000)
  object space 69120K, 18% used [0x0000000740000000,0x0000000740c3c0f8,0x0000000744380000)
 Metaspace       used 20525K, capacity 21240K, committed 21296K, reserved 1067008K
  class space    used 2850K, capacity 3054K, committed 3072K, reserved 1048576K
}

